<?xml version="1.0" encoding="UTF-8"?>
<testng-results ignored="0" total="1" passed="1" failed="0" skipped="0">
  <reporter-output>
  </reporter-output>
  <suite started-at="2021-09-23T01:35:28 IST" name="Order_Test" finished-at="2021-09-23T01:36:11 IST" duration-ms="43033">
    <groups>
    </groups>
    <test started-at="2021-09-23T01:35:28 IST" name="Command line test" finished-at="2021-09-23T01:36:11 IST" duration-ms="43033">
      <class name="Order_Test">
        <test-method is-config="true" signature="setup()[pri:0, instance:Order_Test@58a90037]" started-at="2021-09-23T01:35:28 IST" name="setup" finished-at="2021-09-23T01:35:29 IST" duration-ms="393" status="PASS">
          <reporter-output>
          </reporter-output>
        </test-method> <!-- setup -->
        <test-method is-config="true" signature="launchChrome()[pri:0, instance:Order_Test@58a90037]" started-at="2021-09-23T01:35:29 IST" name="launchChrome" finished-at="2021-09-23T01:35:36 IST" duration-ms="7678" status="PASS">
          <reporter-output>
          </reporter-output>
        </test-method> <!-- launchChrome -->
        <test-method signature="openPage()[pri:0, instance:Order_Test@58a90037]" started-at="2021-09-23T01:35:36 IST" name="openPage" finished-at="2021-09-23T01:36:11 IST" duration-ms="34922" status="PASS">
          <reporter-output>
          </reporter-output>
        </test-method> <!-- openPage -->
        <test-method is-config="true" signature="close(org.testng.ITestResult)[pri:0, instance:Order_Test@58a90037]" started-at="2021-09-23T01:36:11 IST" name="close" finished-at="2021-09-23T01:36:11 IST" duration-ms="2" status="PASS">
          <params>
            <param index="0">
              <value>
                <![CDATA[[TestResult name=openPage status=SUCCESS method=Order_Test.openPage()[pri:0, instance:Order_Test@58a90037] output={null}]]]>
              </value>
            </param>
          </params>
          <reporter-output>
          </reporter-output>
        </test-method> <!-- close -->
      </class> <!-- Order_Test -->
    </test> <!-- Command line test -->
  </suite> <!-- Order_Test -->
</testng-results>
