<?xml version="1.0" encoding="UTF-8"?>
<testng-results ignored="0" total="1" passed="1" failed="0" skipped="0">
  <reporter-output>
  </reporter-output>
  <suite started-at="2021-09-23T16:59:44 IST" name="Default Suite" finished-at="2021-09-23T17:00:56 IST" duration-ms="72473">
    <groups>
    </groups>
    <test started-at="2021-09-23T16:59:44 IST" name="ECU_POC" finished-at="2021-09-23T17:00:56 IST" duration-ms="72473">
      <class name="Order_Test">
        <test-method is-config="true" signature="setup()[pri:0, instance:Order_Test@6ee12bac]" started-at="2021-09-23T16:59:44 IST" name="setup" finished-at="2021-09-23T16:59:45 IST" duration-ms="944" status="PASS">
          <reporter-output>
          </reporter-output>
        </test-method> <!-- setup -->
        <test-method is-config="true" signature="launchChrome()[pri:0, instance:Order_Test@6ee12bac]" started-at="2021-09-23T16:59:45 IST" name="launchChrome" finished-at="2021-09-23T16:59:57 IST" duration-ms="11896" status="PASS">
          <reporter-output>
          </reporter-output>
        </test-method> <!-- launchChrome -->
        <test-method signature="openPage()[pri:0, instance:Order_Test@6ee12bac]" started-at="2021-09-23T16:59:57 IST" name="openPage" finished-at="2021-09-23T17:00:55 IST" duration-ms="58215" status="PASS">
          <reporter-output>
          </reporter-output>
        </test-method> <!-- openPage -->
        <test-method is-config="true" signature="close(org.testng.ITestResult)[pri:0, instance:Order_Test@6ee12bac]" started-at="2021-09-23T17:00:55 IST" name="close" finished-at="2021-09-23T17:00:56 IST" duration-ms="1122" status="PASS">
          <params>
            <param index="0">
              <value>
                <![CDATA[[TestResult name=openPage status=SUCCESS method=Order_Test.openPage()[pri:0, instance:Order_Test@6ee12bac] output={null}]]]>
              </value>
            </param>
          </params>
          <reporter-output>
          </reporter-output>
        </test-method> <!-- close -->
        <test-method is-config="true" signature="endReports()[pri:0, instance:Order_Test@6ee12bac]" started-at="2021-09-23T17:00:56 IST" name="endReports" finished-at="2021-09-23T17:00:56 IST" duration-ms="253" status="PASS">
          <reporter-output>
          </reporter-output>
        </test-method> <!-- endReports -->
      </class> <!-- Order_Test -->
    </test> <!-- ECU_POC -->
  </suite> <!-- Default Suite -->
</testng-results>
